2017-05-03 01:47:39,781 - Initializing Velocity, Calling init()...
2017-05-03 01:47:39,781 - Starting Apache Velocity v1.7 (compiled: 2010-11-19 12:14:37)
2017-05-03 01:47:39,781 - Default Properties File: org\apache\velocity\runtime\defaults\velocity.properties
2017-05-03 01:47:39,781 - Trying to use logger class org.apache.velocity.runtime.log.AvalonLogChute
2017-05-03 01:47:39,781 - Target log system for org.apache.velocity.runtime.log.AvalonLogChute is not available (java.lang.NoClassDefFoundError: org/apache/log/format/Formatter).  Falling back to next log system...
2017-05-03 01:47:39,781 - Trying to use logger class org.apache.velocity.runtime.log.Log4JLogChute
2017-05-03 01:47:39,781 - Using logger class org.apache.velocity.runtime.log.Log4JLogChute
2017-05-03 01:47:39,785 - ResourceLoader instantiated: org.apache.velocity.runtime.resource.loader.ClasspathResourceLoader
2017-05-03 01:47:39,796 - ResourceCache: initialized (class org.apache.velocity.runtime.resource.ResourceCacheImpl) with class java.util.Collections$SynchronizedMap cache map.
2017-05-03 01:47:39,798 - Loaded System Directive: org.apache.velocity.runtime.directive.Stop
2017-05-03 01:47:39,798 - Loaded System Directive: org.apache.velocity.runtime.directive.Define
2017-05-03 01:47:39,799 - Loaded System Directive: org.apache.velocity.runtime.directive.Break
2017-05-03 01:47:39,799 - Loaded System Directive: org.apache.velocity.runtime.directive.Evaluate
2017-05-03 01:47:39,800 - Loaded System Directive: org.apache.velocity.runtime.directive.Literal
2017-05-03 01:47:39,800 - Loaded System Directive: org.apache.velocity.runtime.directive.Macro
2017-05-03 01:47:39,801 - Loaded System Directive: org.apache.velocity.runtime.directive.Parse
2017-05-03 01:47:39,802 - Loaded System Directive: org.apache.velocity.runtime.directive.Include
2017-05-03 01:47:39,803 - Loaded System Directive: org.apache.velocity.runtime.directive.Foreach
2017-05-03 01:47:39,827 - Created '20' parsers.
2017-05-03 01:47:39,830 - Velocimacro : "velocimacro.library" is not set.  Trying default library: VM_global_library.vm
2017-05-03 01:47:39,831 - Could not load resource 'VM_global_library.vm' from ResourceLoader org.apache.velocity.runtime.resource.loader.ClasspathResourceLoader: ClasspathResourceLoader Error: cannot find resource VM_global_library.vm
2017-05-03 01:47:39,831 - Velocimacro : Default library not found.
2017-05-03 01:47:39,831 - Velocimacro : allowInline = true : VMs can be defined inline in templates
2017-05-03 01:47:39,831 - Velocimacro : allowInlineToOverride = false : VMs defined inline may NOT replace previous VM definitions
2017-05-03 01:47:39,831 - Velocimacro : allowInlineLocal = false : VMs defined inline will be global in scope if allowed.
2017-05-03 01:47:39,831 - Velocimacro : autoload off : VM system will not automatically reload global library macros
2017-05-03 01:47:39,838 - ResourceManager : found home.vtl with loader org.apache.velocity.runtime.resource.loader.ClasspathResourceLoader
2017-05-03 01:47:41,375 - Log4JLogChute initialized using file 'velocity.log'
2017-05-03 01:47:41,375 - Initializing Velocity, Calling init()...
2017-05-03 01:47:41,375 - Starting Apache Velocity v1.7 (compiled: 2010-11-19 12:14:37)
2017-05-03 01:47:41,375 - Default Properties File: org\apache\velocity\runtime\defaults\velocity.properties
2017-05-03 01:47:41,375 - Trying to use logger class org.apache.velocity.runtime.log.AvalonLogChute
2017-05-03 01:47:41,375 - Target log system for org.apache.velocity.runtime.log.AvalonLogChute is not available (java.lang.NoClassDefFoundError: org/apache/log/format/Formatter).  Falling back to next log system...
2017-05-03 01:47:41,375 - Trying to use logger class org.apache.velocity.runtime.log.Log4JLogChute
2017-05-03 01:47:41,375 - Using logger class org.apache.velocity.runtime.log.Log4JLogChute
2017-05-03 01:47:41,375 - ResourceLoader instantiated: org.apache.velocity.runtime.resource.loader.ClasspathResourceLoader
2017-05-03 01:47:41,376 - ResourceCache: initialized (class org.apache.velocity.runtime.resource.ResourceCacheImpl) with class java.util.Collections$SynchronizedMap cache map.
2017-05-03 01:47:41,376 - Loaded System Directive: org.apache.velocity.runtime.directive.Stop
2017-05-03 01:47:41,376 - Loaded System Directive: org.apache.velocity.runtime.directive.Define
2017-05-03 01:47:41,376 - Loaded System Directive: org.apache.velocity.runtime.directive.Break
2017-05-03 01:47:41,376 - Loaded System Directive: org.apache.velocity.runtime.directive.Evaluate
2017-05-03 01:47:41,376 - Loaded System Directive: org.apache.velocity.runtime.directive.Literal
2017-05-03 01:47:41,376 - Loaded System Directive: org.apache.velocity.runtime.directive.Macro
2017-05-03 01:47:41,376 - Loaded System Directive: org.apache.velocity.runtime.directive.Parse
2017-05-03 01:47:41,377 - Loaded System Directive: org.apache.velocity.runtime.directive.Include
2017-05-03 01:47:41,377 - Loaded System Directive: org.apache.velocity.runtime.directive.Foreach
2017-05-03 01:47:41,384 - Created '20' parsers.
ded System Directive: org.apache.velocity.runtime.directive.Include
2017-05-03 01:47:41,377 - Loaded System Directive: org.apache.velocity.runtime.directive.Foreach
2017-05-03 01:47:41,384 - Created '20' parsers.
2017-05-03 01:47:41,384 - Velocimacro : "velocimacro.library" is not set.  Trying default library: VM_global_library.vm
2017-05-03 01:47:41,385 - Could not load resource 'VM_global_library.vm' from ResourceLoader org.apache.velocity.runtime.resource.loader.ClasspathResourceLoader: ClasspathResourceLoader Error: cannot find resource VM_global_library.vm
2017-05-03 01:47:41,385 - Velocimacro : Default library not found.
2017-05-03 01:47:41,385 - Velocimacro : allowInline = true : VMs can be defined inline in templates
2017-05-03 01:47:41,385 - Velocimacro : allowInlineToOverride = false : VMs defined inline may NOT replace previous VM definitions
2017-05-03 01:47:41,385 - Velocimacro : allowInlineLocal = false : VMs defined inline will be global in scope if allowed.
2017-05-03 01:47:41,385 - Velocimacro : autoload off : VM system will not automatically reload global library macros
2017-05-03 01:47:41,387 - ResourceManager : found registernewSalariedEmployeeForm.vtl with loader org.apache.velocity.runtime.resource.loader.ClasspathResourceLoader
2017-05-03 01:47:53,462 - Log4JLogChute initialized using file 'velocity.log'
2017-05-03 01:47:53,462 - Log4JLogChute initialized using file 'velocity.log'
2017-05-03 01:47:53,463 - Initializing Velocity, Calling init()...
2017-05-03 01:47:53,463 - Initializing Velocity, Calling init()...
2017-05-03 01:47:53,463 - Starting Apache Velocity v1.7 (compiled: 2010-11-19 12:14:37)
2017-05-03 01:47:53,463 - Starting Apache Velocity v1.7 (compiled: 2010-11-19 12:14:37)
2017-05-03 01:47:53,463 - Default Properties File: org\apache\velocity\runtime\defaults\velocity.properties
2017-05-03 01:47:53,463 - Default Properties File: org\apache\velocity\runtime\defaults\velocity.properties
2017-05-03 01:47:53,463 - Trying to use logger class org.apache.velocity.runtime.log.AvalonLogChute
2017-05-03 01:47:53,463 - Trying to use logger class org.apache.velocity.runtime.log.AvalonLogChute
2017-05-03 01:47:53,463 - Target log system for org.apache.velocity.runtime.log.AvalonLogChute is not available (java.lang.NoClassDefFoundError: org/apache/log/format/Formatter).  Falling back to next log system...
2017-05-03 01:47:53,463 - Target log system for org.apache.velocity.runtime.log.AvalonLogChute is not available (java.lang.NoClassDefFoundError: org/apache/log/format/Formatter).  Falling back to next log system...
2017-05-03 01:47:53,463 - Trying to use logger class org.apache.velocity.runtime.log.Log4JLogChute
2017-05-03 01:47:53,463 - Trying to use logger class org.apache.velocity.runtime.log.Log4JLogChute
2017-05-03 01:47:53,463 - Using logger class org.apache.velocity.runtime.log.Log4JLogChute
2017-05-03 01:47:53,463 - Using logger class org.apache.velocity.runtime.log.Log4JLogChute
2017-05-03 01:47:53,463 - ResourceLoader instantiated: org.apache.velocity.runtime.resource.loader.ClasspathResourceLoader
2017-05-03 01:47:53,463 - ResourceLoader instantiated: org.apache.velocity.runtime.resource.loader.ClasspathResourceLoader
2017-05-03 01:47:53,463 - ResourceCache: initialized (class org.apache.velocity.runtime.resource.ResourceCacheImpl) with class java.util.Collections$SynchronizedMap cache map.
2017-05-03 01:47:53,463 - ResourceCache: initialized (class org.apache.velocity.runtime.resource.ResourceCacheImpl) with class java.util.Collections$SynchronizedMap cache map.
2017-05-03 01:47:53,463 - Loaded System Directive: org.apache.velocity.runtime.directive.Stop
2017-05-03 01:47:53,463 - Loaded System Directive: org.apache.velocity.runtime.directive.Stop
2017-05-03 01:47:53,463 - Loaded System Directive: org.apache.velocity.runtime.directive.Define
2017-05-03 01:47:53,463 - Loaded System Directive: org.apache.velocity.runtime.directive.Define
2017-05-03 01:47:53,463 - Loaded System Directive: org.apache.velocity.runtime.directive.Break
2017-05-03 01:47:53,463 - Loaded System Directive: org.apache.velocity.runtime.directive.Break
2017-05-03 01:47:53,464 - Loaded System Directive: org.apache.velocity.runtime.directive.Evaluate
2017-05-03 01:47:53,464 - Loaded System Directive: org.apache.velocity.runtime.directive.Evaluate
2017-05-03 01:47:53,464 - Loaded System Directive: org.apache.velocity.runtime.directive.Literal
2017-05-03 01:47:53,464 - Loaded System Directive: org.apache.velocity.runtime.directive.Literal
2017-05-03 01:47:53,464 - Loaded System Directive: org.apache.velocity.runtime.directive.Macro
2017-05-03 01:47:53,464 - Loaded System Directive: org.apache.velocity.runtime.directive.Macro
2017-05-03 01:47:53,464 - Loaded System Directive: org.apache.velocity.runtime.directive.Parse
2017-05-03 01:47:53,464 - Loaded System Directive: org.apache.velocity.runtime.directive.Parse
2017-05-03 01:47:53,464 - Loaded System Directive: org.apache.velocity.runtime.directive.Include
2017-05-03 01:47:53,464 - Loaded System Directive: org.apache.velocity.runtime.directive.Include
2017-05-03 01:47:53,464 - Loaded System Directive: org.apache.velocity.runtime.directive.Foreach
2017-05-03 01:47:53,464 - Loaded System Directive: org.apache.velocity.runtime.directive.Foreach
2017-05-03 01:47:53,465 - Created '20' parsers.
2017-05-03 01:47:53,465 - Created '20' parsers.
2017-05-03 01:47:53,465 - Velocimacro : "velocimacro.library" is not set.  Trying default library: VM_global_library.vm
2017-05-03 01:47:53,465 - Velocimacro : "velocimacro.library" is not set.  Trying default library: VM_global_library.vm
2017-05-03 01:47:53,466 - Could not load resource 'VM_global_library.vm' from ResourceLoader org.apache.velocity.runtime.resource.loader.ClasspathResourceLoader: ClasspathResourceLoader Error: cannot find resource VM_global_library.vm
2017-05-03 01:47:53,466 - Could not load resource 'VM_global_library.vm' from ResourceLoader org.apache.velocity.runtime.resource.loader.ClasspathResourceLoader: ClasspathResourceLoader Error: cannot find resource VM_global_library.vm
2017-05-03 01:47:53,466 - Velocimacro : Default library not found.
2017-05-03 01:47:53,466 - Velocimacro : Default library not found.
2017-05-03 01:47:53,466 - Velocimacro : allowInline = true : VMs can be defined inline in templates
2017-05-03 01:47:53,466 - Velocimacro : allowInline = true : VMs can be defined inline in templates
2017-05-03 01:47:53,466 - Velocimacro : allowInlineToOverride = false : VMs defined inline may NOT replace previous VM definitions
2017-05-03 01:47:53,466 - Velocimacro : allowInlineToOverride = false : VMs defined inline may NOT replace previous VM definitions
2017-05-03 01:47:53,466 - Velocimacro : allowInlineLocal = false : VMs defined inline will be global in scope if allowed.
2017-05-03 01:47:53,466 - Velocimacro : allowInlineLocal = false : VMs defined inline will be global in scope if allowed.
2017-05-03 01:47:53,466 - Velocimacro : autoload off : VM system will not automatically reload global library macros
2017-05-03 01:47:53,466 - Velocimacro : autoload off : VM system will not automatically reload global library macros
2017-05-03 01:47:53,468 - ResourceManager : found home.vtl with loader org.apache.velocity.runtime.resource.loader.ClasspathResourceLoader
2017-05-03 01:47:53,468 - ResourceManager : found home.vtl with loader org.apache.velocity.runtime.resource.loader.ClasspathResourceLoader
2017-05-03 01:48:40,712 - Log4JLogChute initialized using file 'velocity.log'
2017-05-03 01:48:40,712 - Initializing Velocity, Calling init()...
2017-05-03 01:48:40,712 - Starting Apache Velocity v1.7 (compiled: 2010-11-19 12:14:37)
2017-05-03 01:48:40,713 - Default Properties File: org\apache\velocity\runtime\defaults\velocity.properties
2017-05-03 01:48:40,713 - Trying to use logger class org.apache.velocity.runtime.log.AvalonLogChute
2017-05-03 01:48:40,713 - Target log system for org.apache.velocity.runtime.log.AvalonLogChute is not available (java.lang.NoClassDefFoundError: org/apache/log/format/Formatter).  Falling back to next log system...
2017-05-03 01:48:40,713 - Trying to use logger class org.apache.velocity.runtime.log.Log4JLogChute
2017-05-03 01:48:40,713 - Using logger class org.apache.velocity.runtime.log.Log4JLogChute
2017-05-03 01:48:40,715 - ResourceLoader instantiated: org.apache.velocity.runtime.resource.loader.ClasspathResourceLoader
2017-05-03 01:48:40,725 - ResourceCache: initialized (class org.apache.velocity.runtime.resource.ResourceCacheImpl) with class java.util.Collections$SynchronizedMap cache map.
2017-05-03 01:48:40,727 - Loaded System Directive: org.apache.velocity.runtime.directive.Stop
2017-05-03 01:48:40,727 - Loaded System Directive: org.apache.velocity.runtime.directive.Define
2017-05-03 01:48:40,728 - Loaded System Directive: org.apache.velocity.runtime.directive.Break
2017-05-03 01:48:40,728 - Loaded System Directive: org.apache.velocity.runtime.directive.Evaluate
2017-05-03 01:48:40,729 - Loaded System Directive: org.apache.velocity.runtime.directive.Literal
2017-05-03 01:48:40,730 - Loaded System Directive: org.apache.velocity.runtime.directive.Macro
2017-05-03 01:48:40,732 - Loaded System Directive: org.apache.velocity.runtime.directive.Parse
2017-05-03 01:48:40,733 - Loaded System Directive: org.apache.velocity.runtime.directive.Include
2017-05-03 01:48:40,734 - Loaded System Directive: org.apache.velocity.runtime.directive.Foreach
2017-05-03 01:48:40,761 - Created '20' parsers.
2017-05-03 01:48:40,767 - Velocimacro : "velocimacro.library" is not set.  Trying default library: VM_global_library.vm
2017-05-03 01:48:40,767 - Could not load resource 'VM_global_library.vm' from ResourceLoader org.apache.velocity.runtime.resource.loader.ClasspathResourceLoader: ClasspathResourceLoader Error: cannot find resource VM_global_library.vm
2017-05-03 01:48:40,767 - Velocimacro : Default library not found.
2017-05-03 01:48:40,767 - Velocimacro : allowInline = true : VMs can be defined inline in templates
2017-05-03 01:48:40,767 - Velocimacro : allowInlineToOverride = false : VMs defined inline may NOT replace previous VM definitions
2017-05-03 01:48:40,768 - Velocimacro : allowInlineLocal = false : VMs defined inline will be global in scope if allowed.
2017-05-03 01:48:40,768 - Velocimacro : autoload off : VM system will not automatically reload global library macros
2017-05-03 01:48:40,776 - ResourceManager : found home.vtl with loader org.apache.velocity.runtime.resource.loader.ClasspathResourceLoader
2017-05-03 01:48:42,008 - Log4JLogChute initialized using file 'velocity.log'
2017-05-03 01:48:42,009 - Initializing Velocity, Calling init()...
2017-05-03 01:48:42,009 - Starting Apache Velocity v1.7 (compiled: 2010-11-19 12:14:37)
2017-05-03 01:48:42,009 - Default Properties File: org\apache\velocity\runtime\defaults\velocity.properties
2017-05-03 01:48:42,009 - Trying to use logger class org.apache.velocity.runtime.log.AvalonLogChute
2017-05-03 01:48:42,009 - Target log system for org.apache.velocity.runtime.log.AvalonLogChute is not available (java.lang.NoClassDefFoundError: org/apache/log/format/Formatter).  Falling back to next log system...
2017-05-03 01:48:42,009 - Trying to use logger class org.apache.velocity.runtime.log.Log4JLogChute
2017-05-03 01:48:42,009 - Using logger class org.apache.velocity.runtime.log.Log4JLogChute
2017-05-03 01:48:42,009 - ResourceLoader instantiated: org.apache.velocity.runtime.resource.loader.ClasspathResourceLoader
2017-05-03 01:48:42,009 - ResourceCache: initialized (class org.apache.velocity.runtime.resource.ResourceCacheImpl) with class java.util.Collections$SynchronizedMap cache map.
2017-05-03 01:48:42,010 - Loaded System Directive: org.apache.velocity.runtime.directive.Stop
2017-05-03 01:48:42,010 - Loaded System Directive: org.apache.velocity.runtime.directive.Define
2017-05-03 01:48:42,010 - Loaded System Directive: org.apache.velocity.runtime.directive.Break
2017-05-03 01:48:42,010 - Loaded System Directive: org.apache.velocity.runtime.directive.Evaluate
2017-05-03 01:48:42,010 - Loaded System Directive: org.apache.velocity.runtime.directive.Literal
2017-05-03 01:48:42,010 - Loaded System Directive: org.apache.velocity.runtime.directive.Macro
2017-05-03 01:48:42,010 - Loaded System Directive: org.apache.velocity.runtime.directive.Parse
2017-05-03 01:48:42,010 - Loaded System Directive: org.apache.velocity.runtime.directive.Include
2017-05-03 01:48:42,010 - Loaded System Directive: org.apache.velocity.runtime.directive.Foreach
2017-05-03 01:48:42,011 - Created '20' parsers.
2017-05-03 01:48:42,011 - Velocimacro : "velocimacro.library" is not set.  Trying default library: VM_global_library.vm
2017-05-03 01:48:42,011 - Could not load resource 'VM_global_library.vm' from ResourceLoader org.apache.velocity.runtime.resource.loader.ClasspathResourceLoader: ClasspathResourceLoader Error: cannot find resource VM_global_library.vm
2017-05-03 01:48:42,011 - Velocimacro : Default library not found.
2017-05-03 01:48:42,011 - Velocimacro : allowInline = true : VMs can be defined inline in templates
2017-05-03 01:48:42,011 - Velocimacro : allowInlineToOverride = false : VMs defined inline may NOT replace previous VM definitions
2017-05-03 01:48:42,011 - Velocimacro : allowInlineLocal = false : VMs defined inline will be global in scope if allowed.
2017-05-03 01:48:42,011 - Velocimacro : autoload off : VM system will not automatically reload global library macros
2017-05-03 01:48:42,013 - ResourceManager : found registernewSalariedEmployeeComisionadedForm.vtl with loader org.apache.velocity.runtime.resource.loader.ClasspathResourceLoader
2017-05-03 01:48:53,814 - Log4JLogChute initialized using file 'velocity.log'
2017-05-03 01:48:53,814 - Log4JLogChute initialized using file 'velocity.log'
2017-05-03 01:48:53,815 - Initializing Velocity, Calling init()...
2017-05-03 01:48:53,815 - Initializing Velocity, Calling init()...
2017-05-03 01:48:53,815 - Starting Apache Velocity v1.7 (compiled: 2010-11-19 12:14:37)
2017-05-03 01:48:53,815 - Starting Apache Velocity v1.7 (compiled: 2010-11-19 12:14:37)
2017-05-03 01:48:53,815 - Default Properties File: org\apache\velocity\runtime\defaults\velocity.properties
2017-05-03 01:48:53,815 - Default Properties File: org\apache\velocity\runtime\defaults\velocity.properties
2017-05-03 01:48:53,815 - Trying to use logger class org.apache.velocity.runtime.log.AvalonLogChute
2017-05-03 01:48:53,815 - Trying to use logger class org.apache.velocity.runtime.log.AvalonLogChute
2017-05-03 01:48:53,815 - Target log system for org.apache.velocity.runtime.log.AvalonLogChute is not available (java.lang.NoClassDefFoundError: org/apache/log/format/Formatter).  Falling back to next log system...
2017-05-03 01:48:53,815 - Target log system for org.apache.velocity.runtime.log.AvalonLogChute is not available (java.lang.NoClassDefFoundError: org/apache/log/format/Formatter).  Falling back to next log system...
2017-05-03 01:48:53,815 - Trying to use logger class org.apache.velocity.runtime.log.Log4JLogChute
2017-05-03 01:48:53,815 - Trying to use logger class org.apache.velocity.runtime.log.Log4JLogChute
2017-05-03 01:48:53,815 - Using logger class org.apache.velocity.runtime.log.Log4JLogChute
2017-05-03 01:48:53,815 - Using logger class org.apache.velocity.runtime.log.Log4JLogChute
2017-05-03 01:48:53,816 - ResourceLoader instantiated: org.apache.velocity.runtime.resource.loader.ClasspathResourceLoader
2017-05-03 01:48:53,816 - ResourceLoader instantiated: org.apache.velocity.runtime.resource.loader.ClasspathResourceLoader
2017-05-03 01:48:53,816 - ResourceCache: initialized (class org.apache.velocity.runtime.resource.ResourceCacheImpl) with class java.util.Collections$SynchronizedMap cache map.
2017-05-03 01:48:53,816 - ResourceCache: initialized (class org.apache.velocity.runtime.resource.ResourceCacheImpl) with class java.util.Collections$SynchronizedMap cache map.
2017-05-03 01:48:53,816 - Loaded System Directive: org.apache.velocity.runtime.directive.Stop
2017-05-03 01:48:53,816 - Loaded System Directive: org.apache.velocity.runtime.directive.Stop
2017-05-03 01:48:53,816 - Loaded System Directive: org.apache.velocity.runtime.directive.Define
2017-05-03 01:48:53,816 - Loaded System Directive: org.apache.velocity.runtime.directive.Define
2017-05-03 01:48:53,816 - Loaded System Directive: org.apache.velocity.runtime.directive.Break
2017-05-03 01:48:53,816 - Loaded System Directive: org.apache.velocity.runtime.directive.Break
2017-05-03 01:48:53,816 - Loaded System Directive: org.apache.velocity.runtime.directive.Evaluate
2017-05-03 01:48:53,816 - Loaded System Directive: org.apache.velocity.runtime.directive.Evaluate
2017-05-03 01:48:53,817 - Loaded System Directive: org.apache.velocity.runtime.directive.Literal
2017-05-03 01:48:53,817 - Loaded System Directive: org.apache.velocity.runtime.directive.Literal
2017-05-03 01:48:53,817 - Loaded System Directive: org.apache.velocity.runtime.directive.Macro
2017-05-03 01:48:53,817 - Loaded System Directive: org.apache.velocity.runtime.directive.Macro
2017-05-03 01:48:53,817 - Loaded System Directive: org.apache.velocity.runtime.directive.Parse
2017-05-03 01:48:53,817 - Loaded System Directive: org.apache.velocity.runtime.directive.Parse
2017-05-03 01:48:53,817 - Loaded System Directive: org.apache.velocity.runtime.directive.Include
2017-05-03 01:48:53,817 - Loaded System Directive: org.apache.velocity.runtime.directive.Include
2017-05-03 01:48:53,817 - Loaded System Directive: org.apache.velocity.runtime.directive.Foreach
2017-05-03 01:48:53,817 - Loaded System Directive: org.apache.velocity.runtime.directive.Foreach
2017-05-03 01:48:53,818 - Created '20' parsers.
2017-05-03 01:48:53,818 - Created '20' parsers.
2017-05-03 01:48:53,818 - Velocimacro : "velocimacro.library" is not set.  Trying default library: VM_global_library.vm
2017-05-03 01:48:53,818 - Velocimacro : "velocimacro.library" is not set.  Trying default library: VM_global_library.vm
2017-05-03 01:48:53,818 - Could not load resource 'VM_global_library.vm' from ResourceLoader org.apache.velocity.runtime.resource.loader.ClasspathResourceLoader: ClasspathResourceLoader Error: cannot find resource VM_global_library.vm
2017-05-03 01:48:53,818 - Could not load resource 'VM_global_library.vm' from ResourceLoader org.apache.velocity.runtime.resource.loader.ClasspathResourceLoader: ClasspathResourceLoader Error: cannot find resource VM_global_library.vm
2017-05-03 01:48:53,818 - Velocimacro : Default library not found.
2017-05-03 01:48:53,818 - Velocimacro : Default library not found.
2017-05-03 01:48:53,818 - Velocimacro : allowInline = true : VMs can be defined inline in templates
2017-05-03 01:48:53,818 - Velocimacro : allowInline = true : VMs can be defined inline in templates
2017-05-03 01:48:53,818 - Velocimacro : allowInlineToOverride = false : VMs defined inline may NOT replace previous VM definitions
2017-05-03 01:48:53,818 - Velocimacro : allowInlineToOverride = false : VMs defined inline may NOT replace previous VM definitions
2017-05-03 01:48:53,818 - Velocimacro : allowInlineLocal = false : VMs defined inline will be global in scope if allowed.
2017-05-03 01:48:53,818 - Velocimacro : allowInlineLocal = false : VMs defined inline will be global in scope if allowed.
2017-05-03 01:48:53,818 - Velocimacro : autoload off : VM system will not automatically reload global library macros
2017-05-03 01:48:53,818 - Velocimacro : autoload off : VM system will not automatically reload global library macros
2017-05-03 01:48:53,820 - ResourceManager : found home.vtl with loader org.apache.velocity.runtime.resource.loader.ClasspathResourceLoader
2017-05-03 01:48:53,820 - ResourceManager : found home.vtl with loader org.apache.velocity.runtime.resource.loader.ClasspathResourceLoader
2017-05-03 01:48:58,698 - Log4JLogChute initialized using file 'velocity.log'
2017-05-03 01:48:58,698 - Log4JLogChute initialized using file 'velocity.log'
2017-05-03 01:48:58,698 - Log4JLogChute initialized using file 'velocity.log'
2017-05-03 01:48:58,699 - Initializing Velocity, Calling init()...
2017-05-03 01:48:58,699 - Initializing Velocity, Calling init()...
2017-05-03 01:48:58,699 - Initializing Velocity, Calling init()...
2017-05-03 01:48:58,699 - Starting Apache Velocity v1.7 (compiled: 2010-11-19 12:14:37)
2017-05-03 01:48:58,699 - Starting Apache Velocity v1.7 (compiled: 2010-11-19 12:14:37)
2017-05-03 01:48:58,699 - Starting Apache Velocity v1.7 (compiled: 2010-11-19 12:14:37)
2017-05-03 01:48:58,699 - Default Properties File: org\apache\velocity\runtime\defaults\velocity.properties
2017-05-03 01:48:58,699 - Default Properties File: org\apache\velocity\runtime\defaults\velocity.properties
2017-05-03 01:48:58,699 - Default Properties File: org\apache\velocity\runtime\defaults\velocity.properties
2017-05-03 01:48:58,699 - Trying to use logger class org.apache.velocity.runtime.log.AvalonLogChute
2017-05-03 01:48:58,699 - Trying to use logger class org.apache.velocity.runtime.log.AvalonLogChute
2017-05-03 01:48:58,699 - Trying to use logger class org.apache.velocity.runtime.log.AvalonLogChute
2017-05-03 01:48:58,699 - Target log system for org.apache.velocity.runtime.log.AvalonLogChute is not available (java.lang.NoClassDefFoundError: org/apache/log/format/Formatter).  Falling back to next log system...
2017-05-03 01:48:58,699 - Target log system for org.apache.velocity.runtime.log.AvalonLogChute is not available (java.lang.NoClassDefFoundError: org/apache/log/format/Formatter).  Falling back to next log system...
2017-05-03 01:48:58,699 - Target log system for org.apache.velocity.runtime.log.AvalonLogChute is not available (java.lang.NoClassDefFoundError: org/apache/log/format/Formatter).  Falling back to next log system...
2017-05-03 01:48:58,699 - Trying to use logger class org.apache.velocity.runtime.log.Log4JLogChute
2017-05-03 01:48:58,699 - Trying to use logger class org.apache.velocity.runtime.log.Log4JLogChute
2017-05-03 01:48:58,699 - Trying to use logger class org.apache.velocity.runtime.log.Log4JLogChute
2017-05-03 01:48:58,699 - Using logger class org.apache.velocity.runtime.log.Log4JLogChute
2017-05-03 01:48:58,699 - Using logger class org.apache.velocity.runtime.log.Log4JLogChute
2017-05-03 01:48:58,699 - Using logger class org.apache.velocity.runtime.log.Log4JLogChute
2017-05-03 01:48:58,699 - ResourceLoader instantiated: org.apache.velocity.runtime.resource.loader.ClasspathResourceLoader
2017-05-03 01:48:58,699 - ResourceLoader instantiated: org.apache.velocity.runtime.resource.loader.ClasspathResourceLoader
2017-05-03 01:48:58,699 - ResourceLoader instantiated: org.apache.velocity.runtime.resource.loader.ClasspathResourceLoader
2017-05-03 01:48:58,699 - ResourceCache: initialized (class org.apache.velocity.runtime.resource.ResourceCacheImpl) with class java.util.Collections$SynchronizedMap cache map.
2017-05-03 01:48:58,699 - ResourceCache: initialized (class org.apache.velocity.runtime.resource.ResourceCacheImpl) with class java.util.Collections$SynchronizedMap cache map.
2017-05-03 01:48:58,699 - ResourceCache: initialized (class org.apache.velocity.runtime.resource.ResourceCacheImpl) with class java.util.Collections$SynchronizedMap cache map.
2017-05-03 01:48:58,699 - Loaded System Directive: org.apache.velocity.runtime.directive.Stop
2017-05-03 01:48:58,699 - Loaded System Directive: org.apache.velocity.runtime.directive.Stop
2017-05-03 01:48:58,699 - Loaded System Directive: org.apache.velocity.runtime.directive.Stop
2017-05-03 01:48:58,699 - Loaded System Directive: org.apache.velocity.runtime.directive.Define
2017-05-03 01:48:58,699 - Loaded System Directive: org.apache.velocity.runtime.directive.Define
2017-05-03 01:48:58,699 - Loaded System Directive: org.apache.velocity.runtime.directive.Define
2017-05-03 01:48:58,699 - Loaded System Directive: org.apache.velocity.runtime.directive.Break
2017-05-03 01:48:58,699 - Loaded System Directive: org.apache.velocity.runtime.directive.Break
2017-05-03 01:48:58,699 - Loaded System Directive: org.apache.velocity.runtime.directive.Break
2017-05-03 01:48:58,699 - Loaded System Directive: org.apache.velocity.runtime.directive.Evaluate
2017-05-03 01:48:58,699 - Loaded System Directive: org.apache.velocity.runtime.directive.Evaluate
2017-05-03 01:48:58,699 - Loaded System Directive: org.apache.velocity.runtime.directive.Evaluate
2017-05-03 01:48:58,699 - Loaded System Directive: org.apache.velocity.runtime.directive.Literal
2017-05-03 01:48:58,699 - Loaded System Directive: org.apache.velocity.runtime.directive.Literal
2017-05-03 01:48:58,699 - Loaded System Directive: org.apache.velocity.runtime.directive.Literal
2017-05-03 01:48:58,700 - Loaded System Directive: org.apache.velocity.runtime.directive.Macro
2017-05-03 01:48:58,700 - Loaded System Directive: org.apache.velocity.runtime.directive.Macro
2017-05-03 01:48:58,700 - Loaded System Directive: org.apache.velocity.runtime.directive.Macro
2017-05-03 01:48:58,700 - Loaded System Directive: org.apache.velocity.runtime.directive.Parse
2017-05-03 01:48:58,700 - Loaded System Directive: org.apache.velocity.runtime.directive.Parse
2017-05-03 01:48:58,700 - Loaded System Directive: org.apache.velocity.runtime.directive.Parse
2017-05-03 01:48:58,700 - Loaded System Directive: org.apache.velocity.runtime.directive.Include
2017-05-03 01:48:58,700 - Loaded System Directive: org.apache.velocity.runtime.directive.Include
2017-05-03 01:48:58,700 - Loaded System Directive: org.apache.velocity.runtime.directive.Include
2017-05-03 01:48:58,700 - Loaded System Directive: org.apache.velocity.runtime.directive.Foreach
2017-05-03 01:48:58,700 - Loaded System Directive: org.apache.velocity.runtime.directive.Foreach
2017-05-03 01:48:58,700 - Loaded System Directive: org.apache.velocity.runtime.directive.Foreach
2017-05-03 01:48:58,700 - Created '20' parsers.
2017-05-03 01:48:58,700 - Created '20' parsers.
2017-05-03 01:48:58,700 - Created '20' parsers.
2017-05-03 01:48:58,700 - Velocimacro : "velocimacro.library" is not set.  Trying default library: VM_global_library.vm
2017-05-03 01:48:58,700 - Velocimacro : "velocimacro.library" is not set.  Trying default library: VM_global_library.vm
2017-05-03 01:48:58,700 - Velocimacro : "velocimacro.library" is not set.  Trying default library: VM_global_library.vm
2017-05-03 01:48:58,700 - Could not load resource 'VM_global_library.vm' from ResourceLoader org.apache.velocity.runtime.resource.loader.ClasspathResourceLoader: ClasspathResourceLoader Error: cannot find resource VM_global_library.vm
2017-05-03 01:48:58,700 - Could not load resource 'VM_global_library.vm' from ResourceLoader org.apache.velocity.runtime.resource.loader.ClasspathResourceLoader: ClasspathResourceLoader Error: cannot find resource VM_global_library.vm
2017-05-03 01:48:58,700 - Could not load resource 'VM_global_library.vm' from ResourceLoader org.apache.velocity.runtime.resource.loader.ClasspathResourceLoader: ClasspathResourceLoader Error: cannot find resource VM_global_library.vm
2017-05-03 01:48:58,701 - Velocimacro : Default library not found.
2017-05-03 01:48:58,701 - Velocimacro : Default library not found.
2017-05-03 01:48:58,701 - Velocimacro : Default library not found.
2017-05-03 01:48:58,701 - Velocimacro : allowInline = true : VMs can be defined inline in templates
2017-05-03 01:48:58,701 - Velocimacro : allowInline = true : VMs can be defined inline in templates
2017-05-03 01:48:58,701 - Velocimacro : allowInline = true : VMs can be defined inline in templates
2017-05-03 01:48:58,701 - Velocimacro : allowInlineToOverride = false : VMs defined inline may NOT replace previous VM definitions
2017-05-03 01:48:58,701 - Velocimacro : allowInlineToOverride = false : VMs defined inline may NOT replace previous VM definitions
2017-05-03 01:48:58,701 - Velocimacro : allowInlineToOverride = false : VMs defined inline may NOT replace previous VM definitions
2017-05-03 01:48:58,701 - Velocimacro : allowInlineLocal = false : VMs defined inline will be global in scope if allowed.
2017-05-03 01:48:58,701 - Velocimacro : allowInlineLocal = false : VMs defined inline will be global in scope if allowed.
2017-05-03 01:48:58,701 - Velocimacro : allowInlineLocal = false : VMs defined inline will be global in scope if allowed.
2017-05-03 01:48:58,701 - Velocimacro : autoload off : VM system will not automatically reload global library macros
2017-05-03 01:48:58,701 - Velocimacro : autoload off : VM system will not automatically reload global library macros
2017-05-03 01:48:58,701 - Velocimacro : autoload off : VM system will not automatically reload global library macros
2017-05-03 01:48:58,702 - ResourceManager : found home.vtl with loader org.apache.velocity.runtime.resource.loader.ClasspathResourceLoader
2017-05-03 01:48:58,702 - ResourceManager : found home.vtl with loader org.apache.velocity.runtime.resource.loader.ClasspathResourceLoader
2017-05-03 01:48:58,702 - ResourceManager : found home.vtl with loader org.apache.velocity.runtime.resource.loader.ClasspathResourceLoader
2017-05-03 01:49:00,354 - Log4JLogChute initialized using file 'velocity.log'
2017-05-03 01:49:00,354 - Log4JLogChute initialized using file 'velocity.log'
2017-05-03 01:49:00,354 - Log4JLogChute initialized using file 'velocity.log'
2017-05-03 01:49:00,354 - Log4JLogChute initialized using file 'velocity.log'
2017-05-03 01:49:00,354 - Initializing Velocity, Calling init()...
2017-05-03 01:49:00,354 - Initializing Velocity, Calling init()...
2017-05-03 01:49:00,354 - Initializing Velocity, Calling init()...
2017-05-03 01:49:00,354 - Initializing Velocity, Calling init()...
2017-05-03 01:49:00,354 - Starting Apache Velocity v1.7 (compiled: 2010-11-19 12:14:37)
2017-05-03 01:49:00,354 - Starting Apache Velocity v1.7 (compiled: 2010-11-19 12:14:37)
2017-05-03 01:49:00,354 - Starting Apache Velocity v1.7 (compiled: 2010-11-19 12:14:37)
2017-05-03 01:49:00,354 - Starting Apache Velocity v1.7 (compiled: 2010-11-19 12:14:37)
2017-05-03 01:49:00,354 - Default Properties File: org\apache\velocity\runtime\defaults\velocity.properties
2017-05-03 01:49:00,354 - Default Properties File: org\apache\velocity\runtime\defaults\velocity.properties
2017-05-03 01:49:00,354 - Default Properties File: org\apache\velocity\runtime\defaults\velocity.properties
2017-05-03 01:49:00,354 - Default Properties File: org\apache\velocity\runtime\defaults\velocity.properties
2017-05-03 01:49:00,354 - Trying to use logger class org.apache.velocity.runtime.log.AvalonLogChute
2017-05-03 01:49:00,354 - Trying to use logger class org.apache.velocity.runtime.log.AvalonLogChute
2017-05-03 01:49:00,354 - Trying to use logger class org.apache.velocity.runtime.log.AvalonLogChute
2017-05-03 01:49:00,354 - Trying to use logger class org.apache.velocity.runtime.log.AvalonLogChute
2017-05-03 01:49:00,355 - Target log system for org.apache.velocity.runtime.log.AvalonLogChute is not available (java.lang.NoClassDefFoundError: org/apache/log/format/Formatter).  Falling back to next log system...
2017-05-03 01:49:00,355 - Target log system for org.apache.velocity.runtime.log.AvalonLogChute is not available (java.lang.NoClassDefFoundError: org/apache/log/format/Formatter).  Falling back to next log system...
2017-05-03 01:49:00,355 - Target log system for org.apache.velocity.runtime.log.AvalonLogChute is not available (java.lang.NoClassDefFoundError: org/apache/log/format/Formatter).  Falling back to next log system...
2017-05-03 01:49:00,355 - Target log system for org.apache.velocity.runtime.log.AvalonLogChute is not available (java.lang.NoClassDefFoundError: org/apache/log/format/Formatter).  Falling back to next log system...
2017-05-03 01:49:00,355 - Trying to use logger class org.apache.velocity.runtime.log.Log4JLogChute
2017-05-03 01:49:00,355 - Trying to use logger class org.apache.velocity.runtime.log.Log4JLogChute
2017-05-03 01:49:00,355 - Trying to use logger class org.apache.velocity.runtime.log.Log4JLogChute
2017-05-03 01:49:00,355 - Trying to use logger class org.apache.velocity.runtime.log.Log4JLogChute
2017-05-03 01:49:00,355 - Using logger class org.apache.velocity.runtime.log.Log4JLogChute
2017-05-03 01:49:00,355 - Using logger class org.apache.velocity.runtime.log.Log4JLogChute
2017-05-03 01:49:00,355 - Using logger class org.apache.velocity.runtime.log.Log4JLogChute
2017-05-03 01:49:00,355 - Using logger class org.apache.velocity.runtime.log.Log4JLogChute
2017-05-03 01:49:00,355 - ResourceLoader instantiated: org.apache.velocity.runtime.resource.loader.ClasspathResourceLoader
2017-05-03 01:49:00,355 - ResourceLoader instantiated: org.apache.velocity.runtime.resource.loader.ClasspathResourceLoader
2017-05-03 01:49:00,355 - ResourceLoader instantiated: org.apache.velocity.runtime.resource.loader.ClasspathResourceLoader
2017-05-03 01:49:00,355 - ResourceLoader instantiated: org.apache.velocity.runtime.resource.loader.ClasspathResourceLoader
2017-05-03 01:49:00,355 - ResourceCache: initialized (class org.apache.velocity.runtime.resource.ResourceCacheImpl) with class java.util.Collections$SynchronizedMap cache map.
2017-05-03 01:49:00,355 - ResourceCache: initialized (class org.apache.velocity.runtime.resource.ResourceCacheImpl) with class java.util.Collections$SynchronizedMap cache map.
2017-05-03 01:49:00,355 - ResourceCache: initialized (class org.apache.velocity.runtime.resource.ResourceCacheImpl) with class java.util.Collections$SynchronizedMap cache map.
2017-05-03 01:49:00,355 - ResourceCache: initialized (class org.apache.velocity.runtime.resource.ResourceCacheImpl) with class java.util.Collections$SynchronizedMap cache map.
2017-05-03 01:49:00,355 - Loaded System Directive: org.apache.velocity.runtime.directive.Stop
2017-05-03 01:49:00,355 - Loaded System Directive: org.apache.velocity.runtime.directive.Stop
2017-05-03 01:49:00,355 - Loaded System Directive: org.apache.velocity.runtime.directive.Stop
2017-05-03 01:49:00,355 - Loaded System Directive: org.apache.velocity.runtime.directive.Stop
2017-05-03 01:49:00,356 - Loaded System Directive: org.apache.velocity.runtime.directive.Define
2017-05-03 01:49:00,356 - Loaded System Directive: org.apache.velocity.runtime.directive.Define
2017-05-03 01:49:00,356 - Loaded System Directive: org.apache.velocity.runtime.directive.Define
2017-05-03 01:49:00,356 - Loaded System Directive: org.apache.velocity.runtime.directive.Define
2017-05-03 01:49:00,356 - Loaded System Directive: org.apache.velocity.runtime.directive.Break
2017-05-03 01:49:00,356 - Loaded System Directive: org.apache.velocity.runtime.directive.Break
2017-05-03 01:49:00,356 - Loaded System Directive: org.apache.velocity.runtime.directive.Break
2017-05-03 01:49:00,356 - Loaded System Directive: org.apache.velocity.runtime.directive.Break
2017-05-03 01:49:00,356 - Loaded System Directive: org.apache.velocity.runtime.directive.Evaluate
2017-05-03 01:49:00,356 - Loaded System Directive: org.apache.velocity.runtime.directive.Evaluate
2017-05-03 01:49:00,356 - Loaded System Directive: org.apache.velocity.runtime.directive.Evaluate
2017-05-03 01:49:00,356 - Loaded System Directive: org.apache.velocity.runtime.directive.Evaluate
2017-05-03 01:49:00,356 - Loaded System Directive: org.apache.velocity.runtime.directive.Literal
2017-05-03 01:49:00,356 - Loaded System Directive: org.apache.velocity.runtime.directive.Literal
2017-05-03 01:49:00,356 - Loaded System Directive: org.apache.velocity.runtime.directive.Literal
2017-05-03 01:49:00,356 - Loaded System Directive: org.apache.velocity.runtime.directive.Literal
2017-05-03 01:49:00,356 - Loaded System Directive: org.apache.velocity.runtime.directive.Macro
2017-05-03 01:49:00,356 - Loaded System Directive: org.apache.velocity.runtime.directive.Macro
2017-05-03 01:49:00,356 - Loaded System Directive: org.apache.velocity.runtime.directive.Macro
2017-05-03 01:49:00,356 - Loaded System Directive: org.apache.velocity.runtime.directive.Macro
2017-05-03 01:49:00,356 - Loaded System Directive: org.apache.velocity.runtime.directive.Parse
2017-05-03 01:49:00,356 - Loaded System Directive: org.apache.velocity.runtime.directive.Parse
2017-05-03 01:49:00,356 - Loaded System Directive: org.apache.velocity.runtime.directive.Parse
2017-05-03 01:49:00,356 - Loaded System Directive: org.apache.velocity.runtime.directive.Parse
2017-05-03 01:49:00,356 - Loaded System Directive: org.apache.velocity.runtime.directive.Include
2017-05-03 01:49:00,356 - Loaded System Directive: org.apache.velocity.runtime.directive.Include
2017-05-03 01:49:00,356 - Loaded System Directive: org.apache.velocity.runtime.directive.Include
2017-05-03 01:49:00,356 - Loaded System Directive: org.apache.velocity.runtime.directive.Include
2017-05-03 01:49:00,356 - Loaded System Directive: org.apache.velocity.runtime.directive.Foreach
2017-05-03 01:49:00,356 - Loaded System Directive: org.apache.velocity.runtime.directive.Foreach
2017-05-03 01:49:00,356 - Loaded System Directive: org.apache.velocity.runtime.directive.Foreach
2017-05-03 01:49:00,356 - Loaded System Directive: org.apache.velocity.runtime.directive.Foreach
2017-05-03 01:49:00,356 - Created '20' parsers.
2017-05-03 01:49:00,356 - Created '20' parsers.
2017-05-03 01:49:00,356 - Created '20' parsers.
2017-05-03 01:49:00,356 - Created '20' parsers.
2017-05-03 01:49:00,356 - Velocimacro : "velocimacro.library" is not set.  Trying default library: VM_global_library.vm
2017-05-03 01:49:00,356 - Velocimacro : "velocimacro.library" is not set.  Trying default library: VM_global_library.vm
2017-05-03 01:49:00,356 - Velocimacro : "velocimacro.library" is not set.  Trying default library: VM_global_library.vm
2017-05-03 01:49:00,356 - Velocimacro : "velocimacro.library" is not set.  Trying default library: VM_global_library.vm
2017-05-03 01:49:00,357 - Could not load resource 'VM_global_library.vm' from ResourceLoader org.apache.velocity.runtime.resource.loader.ClasspathResourceLoader: ClasspathResourceLoader Error: cannot find resource VM_global_library.vm
2017-05-03 01:49:00,357 - Could not load resource 'VM_global_library.vm' from ResourceLoader org.apache.velocity.runtime.resource.loader.ClasspathResourceLoader: ClasspathResourceLoader Error: cannot find resource VM_global_library.vm
2017-05-03 01:49:00,357 - Could not load resource 'VM_global_library.vm' from ResourceLoader org.apache.velocity.runtime.resource.loader.ClasspathResourceLoader: ClasspathResourceLoader Error: cannot find resource VM_global_library.vm
2017-05-03 01:49:00,357 - Could not load resource 'VM_global_library.vm' from ResourceLoader org.apache.velocity.runtime.resource.loader.ClasspathResourceLoader: ClasspathResourceLoader Error: cannot find resource VM_global_library.vm
2017-05-03 01:49:00,357 - Velocimacro : Default library not found.
2017-05-03 01:49:00,357 - Velocimacro : Default library not found.
2017-05-03 01:49:00,357 - Velocimacro : Default library not found.
2017-05-03 01:49:00,357 - Velocimacro : Default library not found.
2017-05-03 01:49:00,357 - Velocimacro : allowInline = true : VMs can be defined inline in templates
2017-05-03 01:49:00,357 - Velocimacro : allowInline = true : VMs can be defined inline in templates
2017-05-03 01:49:00,357 - Velocimacro : allowInline = true : VMs can be defined inline in templates
2017-05-03 01:49:00,357 - Velocimacro : allowInline = true : VMs can be defined inline in templates
2017-05-03 01:49:00,357 - Velocimacro : allowInlineToOverride = false : VMs defined inline may NOT replace previous VM definitions
2017-05-03 01:49:00,357 - Velocimacro : allowInlineToOverride = false : VMs defined inline may NOT replace previous VM definitions
2017-05-03 01:49:00,357 - Velocimacro : allowInlineToOverride = false : VMs defined inline may NOT replace previous VM definitions
2017-05-03 01:49:00,357 - Velocimacro : allowInlineToOverride = false : VMs defined inline may NOT replace previous VM definitions
2017-05-03 01:49:00,357 - Velocimacro : allowInlineLocal = false : VMs defined inline will be global in scope if allowed.
2017-05-03 01:49:00,357 - Velocimacro : allowInlineLocal = false : VMs defined inline will be global in scope if allowed.
2017-05-03 01:49:00,357 - Velocimacro : allowInlineLocal = false : VMs defined inline will be global in scope if allowed.
2017-05-03 01:49:00,357 - Velocimacro : allowInlineLocal = false : VMs defined inline will be global in scope if allowed.
2017-05-03 01:49:00,357 - Velocimacro : autoload off : VM system will not automatically reload global library macros
2017-05-03 01:49:00,357 - Velocimacro : autoload off : VM system will not automatically reload global library macros
2017-05-03 01:49:00,357 - Velocimacro : autoload off : VM system will not automatically reload global library macros
2017-05-03 01:49:00,357 - Velocimacro : autoload off : VM system will not automatically reload global library macros
2017-05-03 01:49:00,358 - ResourceManager : found registernewHourlyEmployeeForm.vtl with loader org.apache.velocity.runtime.resource.loader.ClasspathResourceLoader
2017-05-03 01:49:00,358 - ResourceManager : found registernewHourlyEmployeeForm.vtl with loader org.apache.velocity.runtime.resource.loader.ClasspathResourceLoader
2017-05-03 01:49:00,358 - ResourceManager : found registernewHourlyEmployeeForm.vtl with loader org.apache.velocity.runtime.resource.loader.ClasspathResourceLoader
2017-05-03 01:49:00,358 - ResourceManager : found registernewHourlyEmployeeForm.vtl with loader org.apache.velocity.runtime.resource.loader.ClasspathResourceLoader
2017-05-03 01:49:15,792 - Log4JLogChute initialized using file 'velocity.log'
2017-05-03 01:49:15,792 - Log4JLogChute initialized using file 'velocity.log'
2017-05-03 01:49:15,792 - Log4JLogChute initialized using file 'velocity.log'
2017-05-03 01:49:15,792 - Log4JLogChute initialized using file 'velocity.log'
2017-05-03 01:49:15,792 - Log4JLogChute initialized using file 'velocity.log'
2017-05-03 01:49:15,792 - Initializing Velocity, Calling init()...
2017-05-03 01:49:15,792 - Initializing Velocity, Calling init()...
2017-05-03 01:49:15,792 - Initializing Velocity, Calling init()...
2017-05-03 01:49:15,792 - Initializing Velocity, Calling init()...
2017-05-03 01:49:15,792 - Initializing Velocity, Calling init()...
2017-05-03 01:49:15,792 - Starting Apache Velocity v1.7 (compiled: 2010-11-19 12:14:37)
2017-05-03 01:49:15,792 - Starting Apache Velocity v1.7 (compiled: 2010-11-19 12:14:37)
2017-05-03 01:49:15,792 - Starting Apache Velocity v1.7 (compiled: 2010-11-19 12:14:37)
2017-05-03 01:49:15,792 - Starting Apache Velocity v1.7 (compiled: 2010-11-19 12:14:37)
2017-05-03 01:49:15,792 - Starting Apache Velocity v1.7 (compiled: 2010-11-19 12:14:37)
2017-05-03 01:49:15,792 - Default Properties File: org\apache\velocity\runtime\defaults\velocity.properties
2017-05-03 01:49:15,792 - Default Properties File: org\apache\velocity\runtime\defaults\velocity.properties
2017-05-03 01:49:15,792 - Default Properties File: org\apache\velocity\runtime\defaults\velocity.properties
2017-05-03 01:49:15,792 - Default Properties File: org\apache\velocity\runtime\defaults\velocity.properties
2017-05-03 01:49:15,792 - Default Properties File: org\apache\velocity\runtime\defaults\velocity.properties
2017-05-03 01:49:15,792 - Trying to use logger class org.apache.velocity.runtime.log.AvalonLogChute
2017-05-03 01:49:15,792 - Trying to use logger class org.apache.velocity.runtime.log.AvalonLogChute
2017-05-03 01:49:15,792 - Trying to use logger class org.apache.velocity.runtime.log.AvalonLogChute
2017-05-03 01:49:15,792 - Trying to use logger class org.apache.velocity.runtime.log.AvalonLogChute
2017-05-03 01:49:15,792 - Trying to use logger class org.apache.velocity.runtime.log.AvalonLogChute
2017-05-03 01:49:15,793 - Target log system for org.apache.velocity.runtime.log.AvalonLogChute is not available (java.lang.NoClassDefFoundError: org/apache/log/format/Formatter).  Falling back to next log system...
2017-05-03 01:49:15,793 - Target log system for org.apache.velocity.runtime.log.AvalonLogChute is not available (java.lang.NoClassDefFoundError: org/apache/log/format/Formatter).  Falling back to next log system...
2017-05-03 01:49:15,793 - Target log system for org.apache.velocity.runtime.log.AvalonLogChute is not available (java.lang.NoClassDefFoundError: org/apache/log/format/Formatter).  Falling back to next log system...
2017-05-03 01:49:15,793 - Target log system for org.apache.velocity.runtime.log.AvalonLogChute is not available (java.lang.NoClassDefFoundError: org/apache/log/format/Formatter).  Falling back to next log system...
2017-05-03 01:49:15,793 - Target log system for org.apache.velocity.runtime.log.AvalonLogChute is not available (java.lang.NoClassDefFoundError: org/apache/log/format/Formatter).  Falling back to next log system...
2017-05-03 01:49:15,793 - Trying to use logger class org.apache.velocity.runtime.log.Log4JLogChute
2017-05-03 01:49:15,793 - Trying to use logger class org.apache.velocity.runtime.log.Log4JLogChute
2017-05-03 01:49:15,793 - Trying to use logger class org.apache.velocity.runtime.log.Log4JLogChute
2017-05-03 01:49:15,793 - Trying to use logger class org.apache.velocity.runtime.log.Log4JLogChute
2017-05-03 01:49:15,793 - Trying to use logger class org.apache.velocity.runtime.log.Log4JLogChute
2017-05-03 01:49:15,793 - Using logger class org.apache.velocity.runtime.log.Log4JLogChute
2017-05-03 01:49:15,793 - Using logger class org.apache.velocity.runtime.log.Log4JLogChute
2017-05-03 01:49:15,793 - Using logger class org.apache.velocity.runtime.log.Log4JLogChute
2017-05-03 01:49:15,793 - Using logger class org.apache.velocity.runtime.log.Log4JLogChute
2017-05-03 01:49:15,793 - Using logger class org.apache.velocity.runtime.log.Log4JLogChute
2017-05-03 01:49:15,793 - ResourceLoader instantiated: org.apache.velocity.runtime.resource.loader.ClasspathResourceLoader
2017-05-03 01:49:15,793 - ResourceLoader instantiated: org.apache.velocity.runtime.resource.loader.ClasspathResourceLoader
2017-05-03 01:49:15,793 - ResourceLoader instantiated: org.apache.velocity.runtime.resource.loader.ClasspathResourceLoader
2017-05-03 01:49:15,793 - ResourceLoader instantiated: org.apache.velocity.runtime.resource.loader.ClasspathResourceLoader
2017-05-03 01:49:15,793 - ResourceLoader instantiated: org.apache.velocity.runtime.resource.loader.ClasspathResourceLoader
2017-05-03 01:49:15,793 - ResourceCache: initialized (class org.apache.velocity.runtime.resource.ResourceCacheImpl) with class java.util.Collections$SynchronizedMap cache map.
2017-05-03 01:49:15,793 - ResourceCache: initialized (class org.apache.velocity.runtime.resource.ResourceCacheImpl) with class java.util.Collections$SynchronizedMap cache map.
2017-05-03 01:49:15,793 - ResourceCache: initialized (class org.apache.velocity.runtime.resource.ResourceCacheImpl) with class java.util.Collections$SynchronizedMap cache map.
2017-05-03 01:49:15,793 - ResourceCache: initialized (class org.apache.velocity.runtime.resource.ResourceCacheImpl) with class java.util.Collections$SynchronizedMap cache map.
2017-05-03 01:49:15,793 - ResourceCache: initialized (class org.apache.velocity.runtime.resource.ResourceCacheImpl) with class java.util.Collections$SynchronizedMap cache map.
2017-05-03 01:49:15,793 - Loaded System Directive: org.apache.velocity.runtime.directive.Stop
2017-05-03 01:49:15,793 - Loaded System Directive: org.apache.velocity.runtime.directive.Stop
2017-05-03 01:49:15,793 - Loaded System Directive: org.apache.velocity.runtime.directive.Stop
2017-05-03 01:49:15,793 - Loaded System Directive: org.apache.velocity.runtime.directive.Stop
2017-05-03 01:49:15,793 - Loaded System Directive: org.apache.velocity.runtime.directive.Stop
2017-05-03 01:49:15,793 - Loaded System Directive: org.apache.velocity.runtime.directive.Define
2017-05-03 01:49:15,793 - Loaded System Directive: org.apache.velocity.runtime.directive.Define
2017-05-03 01:49:15,793 - Loaded System Directive: org.apache.velocity.runtime.directive.Define
2017-05-03 01:49:15,793 - Loaded System Directive: org.apache.velocity.runtime.directive.Define
2017-05-03 01:49:15,793 - Loaded System Directive: org.apache.velocity.runtime.directive.Define
2017-05-03 01:49:15,794 - Loaded System Directive: org.apache.velocity.runtime.directive.Break
2017-05-03 01:49:15,794 - Loaded System Directive: org.apache.velocity.runtime.directive.Break
2017-05-03 01:49:15,794 - Loaded System Directive: org.apache.velocity.runtime.directive.Break
2017-05-03 01:49:15,794 - Loaded System Directive: org.apache.velocity.runtime.directive.Break
2017-05-03 01:49:15,794 - Loaded System Directive: org.apache.velocity.runtime.directive.Break
2017-05-03 01:49:15,794 - Loaded System Directive: org.apache.velocity.runtime.directive.Evaluate
2017-05-03 01:49:15,794 - Loaded System Directive: org.apache.velocity.runtime.directive.Evaluate
2017-05-03 01:49:15,794 - Loaded System Directive: org.apache.velocity.runtime.directive.Evaluate
2017-05-03 01:49:15,794 - Loaded System Directive: org.apache.velocity.runtime.directive.Evaluate
2017-05-03 01:49:15,794 - Loaded System Directive: org.apache.velocity.runtime.directive.Evaluate
2017-05-03 01:49:15,794 - Loaded System Directive: org.apache.velocity.runtime.directive.Literal
2017-05-03 01:49:15,794 - Loaded System Directive: org.apache.velocity.runtime.directive.Literal
2017-05-03 01:49:15,794 - Loaded System Directive: org.apache.velocity.runtime.directive.Literal
2017-05-03 01:49:15,794 - Loaded System Directive: org.apache.velocity.runtime.directive.Literal
2017-05-03 01:49:15,794 - Loaded System Directive: org.apache.velocity.runtime.directive.Literal
2017-05-03 01:49:15,794 - Loaded System Directive: org.apache.velocity.runtime.directive.Macro
2017-05-03 01:49:15,794 - Loaded System Directive: org.apache.velocity.runtime.directive.Macro
2017-05-03 01:49:15,794 - Loaded System Directive: org.apache.velocity.runtime.directive.Macro
2017-05-03 01:49:15,794 - Loaded System Directive: org.apache.velocity.runtime.directive.Macro
2017-05-03 01:49:15,794 - Loaded System Directive: org.apache.velocity.runtime.directive.Macro
2017-05-03 01:49:15,794 - Loaded System Directive: org.apache.velocity.runtime.directive.Parse
2017-05-03 01:49:15,794 - Loaded System Directive: org.apache.velocity.runtime.directive.Parse
2017-05-03 01:49:15,794 - Loaded System Directive: org.apache.velocity.runtime.directive.Parse
2017-05-03 01:49:15,794 - Loaded System Directive: org.apache.velocity.runtime.directive.Parse
2017-05-03 01:49:15,794 - Loaded System Directive: org.apache.velocity.runtime.directive.Parse
2017-05-03 01:49:15,794 - Loaded System Directive: org.apache.velocity.runtime.directive.Include
2017-05-03 01:49:15,794 - Loaded System Directive: org.apache.velocity.runtime.directive.Include
2017-05-03 01:49:15,794 - Loaded System Directive: org.apache.velocity.runtime.directive.Include
2017-05-03 01:49:15,794 - Loaded System Directive: org.apache.velocity.runtime.directive.Include
2017-05-03 01:49:15,794 - Loaded System Directive: org.apache.velocity.runtime.directive.Include
2017-05-03 01:49:15,794 - Loaded System Directive: org.apache.velocity.runtime.directive.Foreach
2017-05-03 01:49:15,794 - Loaded System Directive: org.apache.velocity.runtime.directive.Foreach
2017-05-03 01:49:15,794 - Loaded System Directive: org.apache.velocity.runtime.directive.Foreach
2017-05-03 01:49:15,794 - Loaded System Directive: org.apache.velocity.runtime.directive.Foreach
2017-05-03 01:49:15,794 - Loaded System Directive: org.apache.velocity.runtime.directive.Foreach
2017-05-03 01:49:15,795 - Created '20' parsers.
2017-05-03 01:49:15,795 - Created '20' parsers.
2017-05-03 01:49:15,795 - Created '20' parsers.
2017-05-03 01:49:15,795 - Created '20' parsers.
2017-05-03 01:49:15,795 - Created '20' parsers.
2017-05-03 01:49:15,795 - Velocimacro : "velocimacro.library" is not set.  Trying default library: VM_global_library.vm
2017-05-03 01:49:15,795 - Velocimacro : "velocimacro.library" is not set.  Trying default library: VM_global_library.vm
2017-05-03 01:49:15,795 - Velocimacro : "velocimacro.library" is not set.  Trying default library: VM_global_library.vm
2017-05-03 01:49:15,795 - Velocimacro : "velocimacro.library" is not set.  Trying default library: VM_global_library.vm
2017-05-03 01:49:15,795 - Velocimacro : "velocimacro.library" is not set.  Trying default library: VM_global_library.vm
2017-05-03 01:49:15,796 - Could not load resource 'VM_global_library.vm' from ResourceLoader org.apache.velocity.runtime.resource.loader.ClasspathResourceLoader: ClasspathResourceLoader Error: cannot find resource VM_global_library.vm
2017-05-03 01:49:15,796 - Could not load resource 'VM_global_library.vm' from ResourceLoader org.apache.velocity.runtime.resource.loader.ClasspathResourceLoader: ClasspathResourceLoader Error: cannot find resource VM_global_library.vm
2017-05-03 01:49:15,796 - Could not load resource 'VM_global_library.vm' from ResourceLoader org.apache.velocity.runtime.resource.loader.ClasspathResourceLoader: ClasspathResourceLoader Error: cannot find resource VM_global_library.vm
2017-05-03 01:49:15,796 - Could not load resource 'VM_global_library.vm' from ResourceLoader org.apache.velocity.runtime.resource.loader.ClasspathResourceLoader: ClasspathResourceLoader Error: cannot find resource VM_global_library.vm
2017-05-03 01:49:15,796 - Could not load resource 'VM_global_library.vm' from ResourceLoader org.apache.velocity.runtime.resource.loader.ClasspathResourceLoader: ClasspathResourceLoader Error: cannot find resource VM_global_library.vm
2017-05-03 01:49:15,796 - Velocimacro : Default library not found.
2017-05-03 01:49:15,796 - Velocimacro : Default library not found.
2017-05-03 01:49:15,796 - Velocimacro : Default library not found.
2017-05-03 01:49:15,796 - Velocimacro : Default library not found.
2017-05-03 01:49:15,796 - Velocimacro : Default library not found.
2017-05-03 01:49:15,796 - Velocimacro : allowInline = true : VMs can be defined inline in templates
2017-05-03 01:49:15,796 - Velocimacro : allowInline = true : VMs can be defined inline in templates
2017-05-03 01:49:15,796 - Velocimacro : allowInline = true : VMs can be defined inline in templates
2017-05-03 01:49:15,796 - Velocimacro : allowInline = true : VMs can be defined inline in templates
2017-05-03 01:49:15,796 - Velocimacro : allowInline = true : VMs can be defined inline in templates
2017-05-03 01:49:15,796 - Velocimacro : allowInlineToOverride = false : VMs defined inline may NOT replace previous VM definitions
2017-05-03 01:49:15,796 - Velocimacro : allowInlineToOverride = false : VMs defined inline may NOT replace previous VM definitions
2017-05-03 01:49:15,796 - Velocimacro : allowInlineToOverride = false : VMs defined inline may NOT replace previous VM definitions
2017-05-03 01:49:15,796 - Velocimacro : allowInlineToOverride = false : VMs defined inline may NOT replace previous VM definitions
2017-05-03 01:49:15,796 - Velocimacro : allowInlineToOverride = false : VMs defined inline may NOT replace previous VM definitions
2017-05-03 01:49:15,796 - Velocimacro : allowInlineLocal = false : VMs defined inline will be global in scope if allowed.
2017-05-03 01:49:15,796 - Velocimacro : allowInlineLocal = false : VMs defined inline will be global in scope if allowed.
2017-05-03 01:49:15,796 - Velocimacro : allowInlineLocal = false : VMs defined inline will be global in scope if allowed.
2017-05-03 01:49:15,796 - Velocimacro : allowInlineLocal = false : VMs defined inline will be global in scope if allowed.
2017-05-03 01:49:15,796 - Velocimacro : allowInlineLocal = false : VMs defined inline will be global in scope if allowed.
2017-05-03 01:49:15,796 - Velocimacro : autoload off : VM system will not automatically reload global library macros
2017-05-03 01:49:15,796 - Velocimacro : autoload off : VM system will not automatically reload global library macros
2017-05-03 01:49:15,796 - Velocimacro : autoload off : VM system will not automatically reload global library macros
2017-05-03 01:49:15,796 - Velocimacro : autoload off : VM system will not automatically reload global library macros
2017-05-03 01:49:15,796 - Velocimacro : autoload off : VM system will not automatically reload global library macros
2017-05-03 01:49:15,797 - ResourceManager : found home.vtl with loader org.apache.velocity.runtime.resource.loader.ClasspathResourceLoader
2017-05-03 01:49:15,797 - ResourceManager : found home.vtl with loader org.apache.velocity.runtime.resource.loader.ClasspathResourceLoader
2017-05-03 01:49:15,797 - ResourceManager : found home.vtl with loader org.apache.velocity.runtime.resource.loader.ClasspathResourceLoader
2017-05-03 01:49:15,797 - ResourceManager : found home.vtl with loader org.apache.velocity.runtime.resource.loader.ClasspathResourceLoader
2017-05-03 01:49:15,797 - ResourceManager : found home.vtl with loader org.apache.velocity.runtime.resource.loader.ClasspathResourceLoader
2017-05-03 09:59:40,518 - Log4JLogChute initialized using file 'velocity.log'
2017-05-03 09:59:40,518 - Initializing Velocity, Calling init()...
2017-05-03 09:59:40,519 - Starting Apache Velocity v1.7 (compiled: 2010-11-19 12:14:37)
2017-05-03 09:59:40,519 - Default Properties File: org\apache\velocity\runtime\defaults\velocity.properties
2017-05-03 09:59:40,519 - Trying to use logger class org.apache.velocity.runtime.log.AvalonLogChute
2017-05-03 09:59:40,519 - Target log system for org.apache.velocity.runtime.log.AvalonLogChute is not available (java.lang.NoClassDefFoundError: org/apache/log/format/Formatter).  Falling back to next log system...
2017-05-03 09:59:40,519 - Trying to use logger class org.apache.velocity.runtime.log.Log4JLogChute
2017-05-03 09:59:40,519 - Using logger class org.apache.velocity.runtime.log.Log4JLogChute
2017-05-03 09:59:40,523 - ResourceLoader instantiated: org.apache.velocity.runtime.resource.loader.ClasspathResourceLoader
2017-05-03 09:59:40,537 - ResourceCache: initialized (class org.apache.velocity.runtime.resource.ResourceCacheImpl) with class java.util.Collections$SynchronizedMap cache map.
2017-05-03 09:59:40,539 - Loaded System Directive: org.apache.velocity.runtime.directive.Stop
2017-05-03 09:59:40,539 - Loaded System Directive: org.apache.velocity.runtime.directive.Define
2017-05-03 09:59:40,540 - Loaded System Directive: org.apache.velocity.runtime.directive.Break
2017-05-03 09:59:40,540 - Loaded System Directive: org.apache.velocity.runtime.directive.Evaluate
2017-05-03 09:59:40,541 - Loaded System Directive: org.apache.velocity.runtime.directive.Literal
2017-05-03 09:59:40,541 - Loaded System Directive: org.apache.velocity.runtime.directive.Macro
2017-05-03 09:59:40,542 - Loaded System Directive: org.apache.velocity.runtime.directive.Parse
2017-05-03 09:59:40,543 - Loaded System Directive: org.apache.velocity.runtime.directive.Include
2017-05-03 09:59:40,544 - Loaded System Directive: org.apache.velocity.runtime.directive.Foreach
2017-05-03 09:59:40,568 - Created '20' parsers.
2017-05-03 09:59:40,572 - Velocimacro : "velocimacro.library" is not set.  Trying default library: VM_global_library.vm
2017-05-03 09:59:40,572 - Could not load resource 'VM_global_library.vm' from ResourceLoader org.apache.velocity.runtime.resource.loader.ClasspathResourceLoader: ClasspathResourceLoader Error: cannot find resource VM_global_library.vm
2017-05-03 09:59:40,572 - Velocimacro : Default library not found.
2017-05-03 09:59:40,572 - Velocimacro : allowInline = true : VMs can be defined inline in templates
2017-05-03 09:59:40,572 - Velocimacro : allowInlineToOverride = false : VMs defined inline may NOT replace previous VM definitions
2017-05-03 09:59:40,572 - Velocimacro : allowInlineLocal = false : VMs defined inline will be global in scope if allowed.
2017-05-03 09:59:40,572 - Velocimacro : autoload off : VM system will not automatically reload global library macros
2017-05-03 09:59:40,578 - ResourceManager : found home.vtl with loader org.apache.velocity.runtime.resource.loader.ClasspathResourceLoader
2017-05-03 09:59:47,350 - Log4JLogChute initialized using file 'velocity.log'
2017-05-03 09:59:47,350 - Log4JLogChute initialized using file 'velocity.log'
2017-05-03 09:59:47,350 - Initializing Velocity, Calling init()...
2017-05-03 09:59:47,350 - Initializing Velocity, Calling init()...
2017-05-03 09:59:47,350 - Starting Apache Velocity v1.7 (compiled: 2010-11-19 12:14:37)
2017-05-03 09:59:47,350 - Starting Apache Velocity v1.7 (compiled: 2010-11-19 12:14:37)
2017-05-03 09:59:47,350 - Default Properties File: org\apache\velocity\runtime\defaults\velocity.properties
2017-05-03 09:59:47,350 - Default Properties File: org\apache\velocity\runtime\defaults\velocity.properties
2017-05-03 09:59:47,350 - Trying to use logger class org.apache.velocity.runtime.log.AvalonLogChute
2017-05-03 09:59:47,350 - Trying to use logger class org.apache.velocity.runtime.log.AvalonLogChute
2017-05-03 09:59:47,350 - Target log system for org.apache.velocity.runtime.log.AvalonLogChute is not available (java.lang.NoClassDefFoundError: org/apache/log/format/Formatter).  Falling back to next log system...
2017-05-03 09:59:47,350 - Target log system for org.apache.velocity.runtime.log.AvalonLogChute is not available (java.lang.NoClassDefFoundError: org/apache/log/format/Formatter).  Falling back to next log system...
2017-05-03 09:59:47,350 - Trying to use logger class org.apache.velocity.runtime.log.Log4JLogChute
2017-05-03 09:59:47,350 - Trying to use logger class org.apache.velocity.runtime.log.Log4JLogChute
2017-05-03 09:59:47,350 - Using logger class org.apache.velocity.runtime.log.Log4JLogChute
2017-05-03 09:59:47,350 - Using logger class org.apache.velocity.runtime.log.Log4JLogChute
2017-05-03 09:59:47,350 - ResourceLoader instantiated: org.apache.velocity.runtime.resource.loader.ClasspathResourceLoader
2017-05-03 09:59:47,350 - ResourceLoader instantiated: org.apache.velocity.runtime.resource.loader.ClasspathResourceLoader
2017-05-03 09:59:47,351 - ResourceCache: initialized (class org.apache.velocity.runtime.resource.ResourceCacheImpl) with class java.util.Collections$SynchronizedMap cache map.
2017-05-03 09:59:47,351 - ResourceCache: initialized (class org.apache.velocity.runtime.resource.ResourceCacheImpl) with class java.util.Collections$SynchronizedMap cache map.
2017-05-03 09:59:47,351 - Loaded System Directive: org.apache.velocity.runtime.directive.Stop
2017-05-03 09:59:47,351 - Loaded System Directive: org.apache.velocity.runtime.directive.Stop
2017-05-03 09:59:47,351 - Loaded System Directive: org.apache.velocity.runtime.directive.Define
2017-05-03 09:59:47,351 - Loaded System Directive: org.apache.velocity.runtime.directive.Define
2017-05-03 09:59:47,351 - Loaded System Directive: org.apache.velocity.runtime.directive.Break
2017-05-03 09:59:47,351 - Loaded System Directive: org.apache.velocity.runtime.directive.Break
2017-05-03 09:59:47,351 - Loaded System Directive: org.apache.velocity.runtime.directive.Evaluate
2017-05-03 09:59:47,351 - Loaded System Directive: org.apache.velocity.runtime.directive.Evaluate
2017-05-03 09:59:47,351 - Loaded System Directive: org.apache.velocity.runtime.directive.Literal
2017-05-03 09:59:47,351 - Loaded System Directive: org.apache.velocity.runtime.directive.Literal
2017-05-03 09:59:47,351 - Loaded System Directive: org.apache.velocity.runtime.directive.Macro
2017-05-03 09:59:47,351 - Loaded System Directive: org.apache.velocity.runtime.directive.Macro
2017-05-03 09:59:47,351 - Loaded System Directive: org.apache.velocity.runtime.directive.Parse
2017-05-03 09:59:47,351 - Loaded System Directive: org.apache.velocity.runtime.directive.Parse
2017-05-03 09:59:47,351 - Loaded System Directive: org.apache.velocity.runtime.directive.Include
2017-05-03 09:59:47,351 - Loaded System Directive: org.apache.velocity.runtime.directive.Include
2017-05-03 09:59:47,351 - Loaded System Directive: org.apache.velocity.runtime.directive.Foreach
2017-05-03 09:59:47,351 - Loaded System Directive: org.apache.velocity.runtime.directive.Foreach
2017-05-03 09:59:47,361 - Created '20' parsers.
2017-05-03 09:59:47,361 - Velocimacro : "velocimacro.library" is not set.  Trying default library: VM_global_library.vm
2017-05-03 09:59:47,362 - Could not load resource 'VM_global_library.vm' from ResourceLoader org.apache.velocity.runtime.resource.loader.ClasspathResourceLoader: ClasspathResourceLoader Error: cannot find resource VM_global_library.vm
2017-05-03 09:59:47,362 - Velocimacro : Default library not found.
2017-05-03 09:59:47,362 - Velocimacro : allowInline = true : VMs can be defined inline in templates
2017-05-03 09:59:47,362 - Velocimacro : allowInlineToOverride = false : VMs defined inline may NOT replace previous VM definitions
2017-05-03 09:59:47,362 - Velocimacro : allowInlineLocal = false : VMs defined inline will be global in scope if allowed.
2017-05-03 09:59:47,362 - Velocimacro : autoload off : VM system will not automatically reload global library macros
2017-05-03 09:59:47,365 - ResourceManager : found registernewSalariedEmployeeForm.vtl with loader org.apache.velocity.runtime.resource.loader.ClasspathResourceLoader
2017-05-03 09:59:58,482 - Log4JLogChute initialized using file 'velocity.log'
2017-05-03 09:59:58,482 - Log4JLogChute initialized using file 'velocity.log'
2017-05-03 09:59:58,483 - Initializing Velocity, Calling init()...
2017-05-03 09:59:58,483 - Initializing Velocity, Calling init()...
2017-05-03 09:59:58,483 - Starting Apache Velocity v1.7 (compiled: 2010-11-19 12:14:37)
2017-05-03 09:59:58,483 - Starting Apache Velocity v1.7 (compiled: 2010-11-19 12:14:37)
2017-05-03 09:59:58,483 - Default Properties File: org\apache\velocity\runtime\defaults\velocity.properties
2017-05-03 09:59:58,483 - Default Properties File: org\apache\velocity\runtime\defaults\velocity.properties
2017-05-03 09:59:58,483 - Trying to use logger class org.apache.velocity.runtime.log.AvalonLogChute
2017-05-03 09:59:58,483 - Trying to use logger class org.apache.velocity.runtime.log.AvalonLogChute
2017-05-03 09:59:58,483 - Target log system for org.apache.velocity.runtime.log.AvalonLogChute is not available (java.lang.NoClassDefFoundError: org/apache/log/format/Formatter).  Falling back to next log system...
2017-05-03 09:59:58,483 - Target log system for org.apache.velocity.runtime.log.AvalonLogChute is not available (java.lang.NoClassDefFoundError: org/apache/log/format/Formatter).  Falling back to next log system...
2017-05-03 09:59:58,483 - Trying to use logger class org.apache.velocity.runtime.log.Log4JLogChute
2017-05-03 09:59:58,483 - Trying to use logger class org.apache.velocity.runtime.log.Log4JLogChute
2017-05-03 09:59:58,483 - Using logger class org.apache.velocity.runtime.log.Log4JLogChute
2017-05-03 09:59:58,483 - Using logger class org.apache.velocity.runtime.log.Log4JLogChute
2017-05-03 09:59:58,483 - ResourceLoader instantiated: org.apache.velocity.runtime.resource.loader.ClasspathResourceLoader
2017-05-03 09:59:58,483 - ResourceLoader instantiated: org.apache.velocity.runtime.resource.loader.ClasspathResourceLoader
2017-05-03 09:59:58,483 - ResourceCache: initialized (class org.apache.velocity.runtime.resource.ResourceCacheImpl) with class java.util.Collections$SynchronizedMap cache map.
2017-05-03 09:59:58,483 - ResourceCache: initialized (class org.apache.velocity.runtime.resource.ResourceCacheImpl) with class java.util.Collections$SynchronizedMap cache map.
2017-05-03 09:59:58,484 - Loaded System Directive: org.apache.velocity.runtime.directive.Stop
2017-05-03 09:59:58,484 - Loaded System Directive: org.apache.velocity.runtime.directive.Stop
2017-05-03 09:59:58,484 - Loaded System Directive: org.apache.velocity.runtime.directive.Define
2017-05-03 09:59:58,484 - Loaded System Directive: org.apache.velocity.runtime.directive.Define
2017-05-03 09:59:58,484 - Loaded System Directive: org.apache.velocity.runtime.directive.Break
2017-05-03 09:59:58,484 - Loaded System Directive: org.apache.velocity.runtime.directive.Break
2017-05-03 09:59:58,484 - Loaded System Directive: org.apache.velocity.runtime.directive.Evaluate
2017-05-03 09:59:58,484 - Loaded System Directive: org.apache.velocity.runtime.directive.Evaluate
2017-05-03 09:59:58,484 - Loaded System Directive: org.apache.velocity.runtime.directive.Literal
2017-05-03 09:59:58,484 - Loaded System Directive: org.apache.velocity.runtime.directive.Literal
2017-05-03 09:59:58,484 - Loaded System Directive: org.apache.velocity.runtime.directive.Macro
2017-05-03 09:59:58,484 - Loaded System Directive: org.apache.velocity.runtime.directive.Macro
2017-05-03 09:59:58,484 - Loaded System Directive: org.apache.velocity.runtime.directive.Parse
2017-05-03 09:59:58,484 - Loaded System Directive: org.apache.velocity.runtime.directive.Parse
2017-05-03 09:59:58,484 - Loaded System Directive: org.apache.velocity.runtime.directive.Include
2017-05-03 09:59:58,484 - Loaded System Directive: org.apache.velocity.runtime.directive.Include
2017-05-03 09:59:58,484 - Loaded System Directive: org.apache.velocity.runtime.directive.Foreach
2017-05-03 09:59:58,484 - Loaded System Directive: org.apache.velocity.runtime.directive.Foreach
2017-05-03 09:59:58,486 - Created '20' parsers.
2017-05-03 09:59:58,486 - Created '20' parsers.
2017-05-03 09:59:58,486 - Velocimacro : "velocimacro.library" is not set.  Trying default library: VM_global_library.vm
2017-05-03 09:59:58,486 - Velocimacro : "velocimacro.library" is not set.  Trying default library: VM_global_library.vm
2017-05-03 09:59:58,486 - Could not load resource 'VM_global_library.vm' from ResourceLoader org.apache.velocity.runtime.resource.loader.ClasspathResourceLoader: ClasspathResourceLoader Error: cannot find resource VM_global_library.vm
2017-05-03 09:59:58,486 - Could not load resource 'VM_global_library.vm' from ResourceLoader org.apache.velocity.runtime.resource.loader.ClasspathResourceLoader: ClasspathResourceLoader Error: cannot find resource VM_global_library.vm
2017-05-03 09:59:58,486 - Velocimacro : Default library not found.
2017-05-03 09:59:58,486 - Velocimacro : Default library not found.
2017-05-03 09:59:58,486 - Velocimacro : allowInline = true : VMs can be defined inline in templates
2017-05-03 09:59:58,486 - Velocimacro : allowInline = true : VMs can be defined inline in templates
2017-05-03 09:59:58,486 - Velocimacro : allowInlineToOverride = false : VMs defined inline may NOT replace previous VM definitions
2017-05-03 09:59:58,486 - Velocimacro : allowInlineToOverride = false : VMs defined inline may NOT replace previous VM definitions
2017-05-03 09:59:58,486 - Velocimacro : allowInlineLocal = false : VMs defined inline will be global in scope if allowed.
2017-05-03 09:59:58,486 - Velocimacro : allowInlineLocal = false : VMs defined inline will be global in scope if allowed.
2017-05-03 09:59:58,486 - Velocimacro : autoload off : VM system will not automatically reload global library macros
2017-05-03 09:59:58,486 - Velocimacro : autoload off : VM system will not automatically reload global library macros
2017-05-03 09:59:58,488 - ResourceManager : found home.vtl with loader org.apache.velocity.runtime.resource.loader.ClasspathResourceLoader
2017-05-03 09:59:58,488 - ResourceManager : found home.vtl with loader org.apache.velocity.runtime.resource.loader.ClasspathResourceLoader
2017-05-03 10:00:46,503 - Log4JLogChute initialized using file 'velocity.log'
2017-05-03 10:00:46,503 - Initializing Velocity, Calling init()...
2017-05-03 10:00:46,503 - Starting Apache Velocity v1.7 (compiled: 2010-11-19 12:14:37)
2017-05-03 10:00:46,503 - Default Properties File: org\apache\velocity\runtime\defaults\velocity.properties
2017-05-03 10:00:46,503 - Trying to use logger class org.apache.velocity.runtime.log.AvalonLogChute
2017-05-03 10:00:46,503 - Target log system for org.apache.velocity.runtime.log.AvalonLogChute is not available (java.lang.NoClassDefFoundError: org/apache/log/format/Formatter).  Falling back to next log system...
2017-05-03 10:00:46,503 - Trying to use logger class org.apache.velocity.runtime.log.Log4JLogChute
2017-05-03 10:00:46,503 - Using logger class org.apache.velocity.runtime.log.Log4JLogChute
2017-05-03 10:00:46,506 - ResourceLoader instantiated: org.apache.velocity.runtime.resource.loader.ClasspathResourceLoader
2017-05-03 10:00:46,520 - ResourceCache: initialized (class org.apache.velocity.runtime.resource.ResourceCacheImpl) with class java.util.Collections$SynchronizedMap cache map.
2017-05-03 10:00:46,522 - Loaded System Directive: org.apache.velocity.runtime.directive.Stop
2017-05-03 10:00:46,522 - Loaded System Directive: org.apache.velocity.runtime.directive.Define
2017-05-03 10:00:46,523 - Loaded System Directive: org.apache.velocity.runtime.directive.Break
2017-05-03 10:00:46,524 - Loaded System Directive: org.apache.velocity.runtime.directive.Evaluate
2017-05-03 10:00:46,524 - Loaded System Directive: org.apache.velocity.runtime.directive.Literal
2017-05-03 10:00:46,526 - Loaded System Directive: org.apache.velocity.runtime.directive.Macro
2017-05-03 10:00:46,527 - Loaded System Directive: org.apache.velocity.runtime.directive.Parse
2017-05-03 10:00:46,528 - Loaded System Directive: org.apache.velocity.runtime.directive.Include
2017-05-03 10:00:46,529 - Loaded System Directive: org.apache.velocity.runtime.directive.Foreach
2017-05-03 10:00:46,557 - Created '20' parsers.
2017-05-03 10:00:46,564 - Velocimacro : "velocimacro.library" is not set.  Trying default library: VM_global_library.vm
2017-05-03 10:00:46,564 - Could not load resource 'VM_global_library.vm' from ResourceLoader org.apache.velocity.runtime.resource.loader.ClasspathResourceLoader: ClasspathResourceLoader Error: cannot find resource VM_global_library.vm
2017-05-03 10:00:46,564 - Velocimacro : Default library not found.
2017-05-03 10:00:46,565 - Velocimacro : allowInline = true : VMs can be defined inline in templates
2017-05-03 10:00:46,565 - Velocimacro : allowInlineToOverride = false : VMs defined inline may NOT replace previous VM definitions
2017-05-03 10:00:46,565 - Velocimacro : allowInlineLocal = false : VMs defined inline will be global in scope if allowed.
2017-05-03 10:00:46,565 - Velocimacro : autoload off : VM system will not automatically reload global library macros
2017-05-03 10:00:46,571 - ResourceManager : found home.vtl with loader org.apache.velocity.runtime.resource.loader.ClasspathResourceLoader
2017-05-03 10:00:47,856 - Log4JLogChute initialized using file 'velocity.log'
2017-05-03 10:00:47,856 - Initializing Velocity, Calling init()...
2017-05-03 10:00:47,856 - Starting Apache Velocity v1.7 (compiled: 2010-11-19 12:14:37)
2017-05-03 10:00:47,856 - Default Properties File: org\apache\velocity\runtime\defaults\velocity.properties
2017-05-03 10:00:47,856 - Trying to use logger class org.apache.velocity.runtime.log.AvalonLogChute
2017-05-03 10:00:47,856 - Target log system for org.apache.velocity.runtime.log.AvalonLogChute is not available (java.lang.NoClassDefFoundError: org/apache/log/format/Formatter).  Falling back to next log system...
2017-05-03 10:00:47,856 - Trying to use logger class org.apache.velocity.runtime.log.Log4JLogChute
2017-05-03 10:00:47,856 - Using logger class org.apache.velocity.runtime.log.Log4JLogChute
2017-05-03 10:00:47,856 - ResourceLoader instantiated: org.apache.velocity.runtime.resource.loader.ClasspathResourceLoader
2017-05-03 10:00:47,856 - ResourceCache: initialized (class org.apache.velocity.runtime.resource.ResourceCacheImpl) with class java.util.Collections$SynchronizedMap cache map.
2017-05-03 10:00:47,857 - Loaded System Directive: org.apache.velocity.runtime.directive.Stop
2017-05-03 10:00:47,857 - Loaded System Directive: org.apache.velocity.runtime.directive.Define
2017-05-03 10:00:47,857 - Loaded System Directive: org.apache.velocity.runtime.directive.Break
2017-05-03 10:00:47,857 - Loaded System Directive: org.apache.velocity.runtime.directive.Evaluate
2017-05-03 10:00:47,857 - Loaded System Directive: org.apache.velocity.runtime.directive.Literal
2017-05-03 10:00:47,857 - Loaded System Directive: org.apache.velocity.runtime.directive.Macro
2017-05-03 10:00:47,857 - Loaded System Directive: org.apache.velocity.runtime.directive.Parse
2017-05-03 10:00:47,857 - Loaded System Directive: org.apache.velocity.runtime.directive.Include
2017-05-03 10:00:47,857 - Loaded System Directive: org.apache.velocity.runtime.directive.Foreach
2017-05-03 10:00:47,858 - Created '20' parsers.
2017-05-03 10:00:47,858 - Velocimacro : "velocimacro.library" is not set.  Trying default library: VM_global_library.vm
2017-05-03 10:00:47,859 - Could not load resource 'VM_global_library.vm' from ResourceLoader org.apache.velocity.runtime.resource.loader.ClasspathResourceLoader: ClasspathResourceLoader Error: cannot find resource VM_global_library.vm
2017-05-03 10:00:47,859 - Velocimacro : Default library not found.
2017-05-03 10:00:47,859 - Velocimacro : allowInline = true : VMs can be defined inline in templates
2017-05-03 10:00:47,859 - Velocimacro : allowInlineToOverride = false : VMs defined inline may NOT replace previous VM definitions
2017-05-03 10:00:47,859 - Velocimacro : allowInlineLocal = false : VMs defined inline will be global in scope if allowed.
2017-05-03 10:00:47,859 - Velocimacro : autoload off : VM system will not automatically reload global library macros
2017-05-03 10:00:47,860 - ResourceManager : found registernewSalariedEmployeeForm.vtl with loader org.apache.velocity.runtime.resource.loader.ClasspathResourceLoader
2017-05-03 10:00:58,274 - Log4JLogChute initialized using file 'velocity.log'
2017-05-03 10:00:58,274 - Log4JLogChute initialized using file 'velocity.log'
2017-05-03 10:00:58,274 - Initializing Velocity, Calling init()...
2017-05-03 10:00:58,274 - Initializing Velocity, Calling init()...
2017-05-03 10:00:58,274 - Starting Apache Velocity v1.7 (compiled: 2010-11-19 12:14:37)
2017-05-03 10:00:58,274 - Starting Apache Velocity v1.7 (compiled: 2010-11-19 12:14:37)
2017-05-03 10:00:58,274 - Default Properties File: org\apache\velocity\runtime\defaults\velocity.properties
2017-05-03 10:00:58,274 - Default Properties File: org\apache\velocity\runtime\defaults\velocity.properties
2017-05-03 10:00:58,274 - Trying to use logger class org.apache.velocity.runtime.log.AvalonLogChute
2017-05-03 10:00:58,274 - Trying to use logger class org.apache.velocity.runtime.log.AvalonLogChute
2017-05-03 10:00:58,274 - Target log system for org.apache.velocity.runtime.log.AvalonLogChute is not available (java.lang.NoClassDefFoundError: org/apache/log/format/Formatter).  Falling back to next log system...
2017-05-03 10:00:58,274 - Target log system for org.apache.velocity.runtime.log.AvalonLogChute is not available (java.lang.NoClassDefFoundError: org/apache/log/format/Formatter).  Falling back to next log system...
2017-05-03 10:00:58,274 - Trying to use logger class org.apache.velocity.runtime.log.Log4JLogChute
2017-05-03 10:00:58,274 - Trying to use logger class org.apache.velocity.runtime.log.Log4JLogChute
2017-05-03 10:00:58,274 - Using logger class org.apache.velocity.runtime.log.Log4JLogChute
2017-05-03 10:00:58,274 - Using logger class org.apache.velocity.runtime.log.Log4JLogChute
2017-05-03 10:00:58,275 - ResourceLoader instantiated: org.apache.velocity.runtime.resource.loader.ClasspathResourceLoader
2017-05-03 10:00:58,275 - ResourceLoader instantiated: org.apache.velocity.runtime.resource.loader.ClasspathResourceLoader
2017-05-03 10:00:58,275 - ResourceCache: initialized (class org.apache.velocity.runtime.resource.ResourceCacheImpl) with class java.util.Collections$SynchronizedMap cache map.
2017-05-03 10:00:58,275 - ResourceCache: initialized (class org.apache.velocity.runtime.resource.ResourceCacheImpl) with class java.util.Collections$SynchronizedMap cache map.
2017-05-03 10:00:58,275 - Loaded System Directive: org.apache.velocity.runtime.directive.Stop
2017-05-03 10:00:58,275 - Loaded System Directive: org.apache.velocity.runtime.directive.Stop
2017-05-03 10:00:58,275 - Loaded System Directive: org.apache.velocity.runtime.directive.Define
2017-05-03 10:00:58,275 - Loaded System Directive: org.apache.velocity.runtime.directive.Define
2017-05-03 10:00:58,275 - Loaded System Directive: org.apache.velocity.runtime.directive.Break
2017-05-03 10:00:58,275 - Loaded System Directive: org.apache.velocity.runtime.directive.Break
2017-05-03 10:00:58,275 - Loaded System Directive: org.apache.velocity.runtime.directive.Evaluate
2017-05-03 10:00:58,275 - Loaded System Directive: org.apache.velocity.runtime.directive.Evaluate
2017-05-03 10:00:58,275 - Loaded System Directive: org.apache.velocity.runtime.directive.Literal
2017-05-03 10:00:58,275 - Loaded System Directive: org.apache.velocity.runtime.directive.Literal
2017-05-03 10:00:58,275 - Loaded System Directive: org.apache.velocity.runtime.directive.Macro
2017-05-03 10:00:58,275 - Loaded System Directive: org.apache.velocity.runtime.directive.Macro
2017-05-03 10:00:58,275 - Loaded System Directive: org.apache.velocity.runtime.directive.Parse
2017-05-03 10:00:58,275 - Loaded System Directive: org.apache.velocity.runtime.directive.Parse
2017-05-03 10:00:58,275 - Loaded System Directive: org.apache.velocity.runtime.directive.Include
2017-05-03 10:00:58,275 - Loaded System Directive: org.apache.velocity.runtime.directive.Include
2017-05-03 10:00:58,275 - Loaded System Directive: org.apache.velocity.runtime.directive.Foreach
2017-05-03 10:00:58,275 - Loaded System Directive: org.apache.velocity.runtime.directive.Foreach
2017-05-03 10:00:58,276 - Created '20' parsers.
2017-05-03 10:00:58,276 - Created '20' parsers.
2017-05-03 10:00:58,276 - Velocimacro : "velocimacro.library" is not set.  Trying default library: VM_global_library.vm
2017-05-03 10:00:58,276 - Velocimacro : "velocimacro.library" is not set.  Trying default library: VM_global_library.vm
2017-05-03 10:00:58,277 - Could not load resource 'VM_global_library.vm' from ResourceLoader org.apache.velocity.runtime.resource.loader.ClasspathResourceLoader: ClasspathResourceLoader Error: cannot find resource VM_global_library.vm
2017-05-03 10:00:58,277 - Could not load resource 'VM_global_library.vm' from ResourceLoader org.apache.velocity.runtime.resource.loader.ClasspathResourceLoader: ClasspathResourceLoader Error: cannot find resource VM_global_library.vm
2017-05-03 10:00:58,277 - Velocimacro : Default library not found.
2017-05-03 10:00:58,277 - Velocimacro : Default library not found.
2017-05-03 10:00:58,277 - Velocimacro : allowInline = true : VMs can be defined inline in templates
2017-05-03 10:00:58,277 - Velocimacro : allowInline = true : VMs can be defined inline in templates
2017-05-03 10:00:58,277 - Velocimacro : allowInlineToOverride = false : VMs defined inline may NOT replace previous VM definitions
2017-05-03 10:00:58,277 - Velocimacro : allowInlineToOverride = false : VMs defined inline may NOT replace previous VM definitions
2017-05-03 10:00:58,277 - Velocimacro : allowInlineLocal = false : VMs defined inline will be global in scope if allowed.
2017-05-03 10:00:58,277 - Velocimacro : allowInlineLocal = false : VMs defined inline will be global in scope if allowed.
2017-05-03 10:00:58,277 - Velocimacro : autoload off : VM system will not automatically reload global library macros
2017-05-03 10:00:58,277 - Velocimacro : autoload off : VM system will not automatically reload global library macros
2017-05-03 10:00:58,278 - ResourceManager : found home.vtl with loader org.apache.velocity.runtime.resource.loader.ClasspathResourceLoader
2017-05-03 10:00:58,278 - ResourceManager : found home.vtl with loader org.apache.velocity.runtime.resource.loader.ClasspathResourceLoader
